01:27:50.599 INFO - Launching a standalone server
Setting system property webdriver.chrome.driver to /usr/local/lib/node_modules/starrynight/node_modules/chromedriver/bin/chromedriver
01:27:50.636 INFO - Java: Apple Inc. 20.65-b04-466.1
01:27:50.636 INFO - OS: Mac OS X 10.10.2 x86_64
01:27:50.646 INFO - v2.45.0, with Core v2.45.0. Built from revision 5017cb8
01:27:50.724 INFO - Default driver org.openqa.selenium.ie.InternetExplorerDriver registration is skipped: registration capabilities Capabilities [{platform=WINDOWS, ensureCleanSession=true, browserName=internet explorer, version=}] does not match with current platform: MAC
01:27:50.758 INFO - RemoteWebDriver instances should connect to: http://127.0.0.1:4444/wd/hub
01:27:50.759 INFO - Version Jetty/5.1.x
01:27:50.760 INFO - Started HttpContext[/selenium-server/driver,/selenium-server/driver]
01:27:50.760 INFO - Started HttpContext[/selenium-server,/selenium-server]
01:27:50.761 INFO - Started HttpContext[/,/]
01:27:50.831 INFO - Started org.openqa.jetty.jetty.servlet.ServletHandler@1f25fefa
01:27:50.831 INFO - Started HttpContext[/wd,/wd]
01:27:50.837 INFO - Started SocketListener on 0.0.0.0:4444
01:27:50.837 INFO - Started org.openqa.jetty.jetty.Server@58a17083
01:27:51.216 INFO - Executing: [new session: Capabilities [{loggingPrefs=org.openqa.selenium.logging.LoggingPreferences@670fe2b9, platform=ANY, acceptSslCerts=true, javascriptEnabled=true, browserName=chrome, name=Active User}]])
01:27:51.227 INFO - Creating a new session for Capabilities [{loggingPrefs=org.openqa.selenium.logging.LoggingPreferences@670fe2b9, platform=ANY, acceptSslCerts=true, javascriptEnabled=true, browserName=chrome, name=Active User}]
Starting ChromeDriver 2.15.322455 (ae8db840dac8d0c453355d3d922c91adfb61df8f) on port 40741
Only local connections are allowed.
01:27:53.162 INFO - Done: [new session: Capabilities [{loggingPrefs=org.openqa.selenium.logging.LoggingPreferences@670fe2b9, platform=ANY, acceptSslCerts=true, javascriptEnabled=true, browserName=chrome, name=Active User}]]
01:27:53.174 INFO - Executing: [get: http://localhost:3000])
01:27:54.175 INFO - Done: [get: http://localhost:3000]
01:27:54.180 INFO - Executing: [set script timeoutt: 5000])
01:27:54.189 INFO - Done: [set script timeoutt: 5000]
01:27:54.198 INFO - Executing: [execute async script: var passedArgs = Array.prototype.slice.call(arguments,0); return function (meteorMethodNameAndArguments, meteorCallback) {
          var meteorMethodName = meteorMethodNameAndArguments[0];
          var meteorArguments = meteorMethodNameAndArguments[1];
          Meteor.call(meteorMethodName, meteorArguments, function (meteorError, meteorResult) {
              var response = (meteorError ? { error: meteorError } : { result: meteorResult });
              meteorCallback(response);
          });
      }.apply(window, passedArgs);, [[removeAllUsers, false]]])
01:27:54.321 INFO - Done: [execute async script: var passedArgs = Array.prototype.slice.call(arguments,0); return function (meteorMethodNameAndArguments, meteorCallback) {
          var meteorMethodName = meteorMethodNameAndArguments[0];
          var meteorArguments = meteorMethodNameAndArguments[1];
          Meteor.call(meteorMethodName, meteorArguments, function (meteorError, meteorResult) {
              var response = (meteorError ? { error: meteorError } : { result: meteorResult });
              meteorCallback(response);
          });
      }.apply(window, passedArgs);, [[removeAllUsers, false]]]
01:27:55.328 INFO - Executing: [get: http://localhost:3000/list/users])
01:27:55.612 INFO - Done: [get: http://localhost:3000/list/users]
01:27:55.618 INFO - Executing: [set window size])
01:27:55.860 INFO - Done: [set window size]
01:27:55.864 INFO - Executing: [find element: By.cssSelector: body])
01:27:55.891 INFO - Done: [find element: By.cssSelector: body]
01:27:55.895 INFO - Executing: [find element: By.cssSelector: #mainPanel])
01:27:55.909 INFO - Done: [find element: By.cssSelector: #mainPanel]
01:27:55.914 INFO - Executing: [find element: By.cssSelector: #usersListPage])
01:27:55.927 INFO - Done: [find element: By.cssSelector: #usersListPage]
01:27:55.932 INFO - Executing: [find element: By.cssSelector: #usersListPage #userNavHeader])
01:27:55.945 INFO - Done: [find element: By.cssSelector: #usersListPage #userNavHeader]
01:27:55.950 INFO - Executing: [find element: By.cssSelector: #userSearchInput])
01:27:55.964 INFO - Done: [find element: By.cssSelector: #userSearchInput]
01:27:55.968 INFO - Executing: [find element: By.cssSelector: #usersUnorderedList])
01:27:55.981 INFO - Done: [find element: By.cssSelector: #usersUnorderedList]
01:27:55.985 INFO - Executing: [find element: By.cssSelector: #usersUnorderedList li:nth-child(1)])
01:27:56.000 INFO - Done: [find element: By.cssSelector: #usersUnorderedList li:nth-child(1)]
01:27:56.003 INFO - Executing: [find element: By.cssSelector: #usersUnorderedList li:nth-child(1) article])
01:27:56.018 INFO - Done: [find element: By.cssSelector: #usersUnorderedList li:nth-child(1) article]
01:27:56.021 INFO - Executing: [find element: By.cssSelector: #usersListPage #userNavFooter])
01:27:56.034 INFO - Done: [find element: By.cssSelector: #usersListPage #userNavFooter]
01:27:56.037 INFO - Executing: [find element: By.cssSelector: #usersUnorderedList #noResultsMessage])
01:27:56.052 INFO - Done: [find element: By.cssSelector: #usersUnorderedList #noResultsMessage]
01:27:56.059 INFO - Executing: [find element: By.cssSelector: #usersUnorderedList .addUserItem])
01:27:56.072 INFO - Done: [find element: By.cssSelector: #usersUnorderedList .addUserItem]
01:27:56.076 INFO - Executing: [find element: By.cssSelector: #usersUnorderedList li:nth-child(2)])
01:27:57.331 WARN - Exception thrown
org.openqa.selenium.NoSuchElementException: no such element
  (Session info: chrome=44.0.2403.107)
  (Driver info: chromedriver=2.15.322455 (ae8db840dac8d0c453355d3d922c91adfb61df8f),platform=Mac OS X 10.10.2 x86_64) (WARNING: The server did not provide any stacktrace information)
Command duration or timeout: 14 milliseconds
For documentation on this error, please visit: http://seleniumhq.org/exceptions/no_such_element.html
Build info: version: '2.45.0', revision: '5017cb8', time: '2015-02-26 23:59:50'
System info: host: 'Abigails-Mini', ip: '192.168.1.105', os.name: 'Mac OS X', os.arch: 'x86_64', os.version: '10.10.2', java.version: '1.6.0_65'
*** Element info: {Using=css selector, value=#usersUnorderedList li:nth-child(2)}
Session ID: f6e3646f9720a4188ffa417f53f1450d
Driver info: org.openqa.selenium.chrome.ChromeDriver
Capabilities [{platform=MAC, acceptSslCerts=true, javascriptEnabled=true, browserName=chrome, chrome={userDataDir=/var/folders/wy/x2wnhsd15rxbcnwr07g161b00000gn/T/.org.chromium.Chromium.uRPbMP}, rotatable=false, locationContextEnabled=true, mobileEmulationEnabled=false, version=44.0.2403.107, takesHeapSnapshot=true, cssSelectorsEnabled=true, databaseEnabled=false, handlesAlerts=true, browserConnectionEnabled=false, webStorageEnabled=true, nativeEvents=true, applicationCacheEnabled=false, takesScreenshot=true}]
	at sun.reflect.NativeConstructorAccessorImpl.newInstance0(Native Method)
	at sun.reflect.NativeConstructorAccessorImpl.newInstance(NativeConstructorAccessorImpl.java:39)
	at sun.reflect.DelegatingConstructorAccessorImpl.newInstance(DelegatingConstructorAccessorImpl.java:27)
	at java.lang.reflect.Constructor.newInstance(Constructor.java:513)
	at org.openqa.selenium.remote.ErrorHandler.createThrowable(ErrorHandler.java:204)
	at org.openqa.selenium.remote.ErrorHandler.throwIfResponseFailed(ErrorHandler.java:156)
	at org.openqa.selenium.remote.RemoteWebDriver.execute(RemoteWebDriver.java:599)
	at org.openqa.selenium.remote.RemoteWebDriver.findElement(RemoteWebDriver.java:352)
	at org.openqa.selenium.remote.RemoteWebDriver.findElementByCssSelector(RemoteWebDriver.java:441)
	at org.openqa.selenium.By$ByCssSelector.findElement(By.java:426)
	at org.openqa.selenium.remote.RemoteWebDriver.findElement(RemoteWebDriver.java:344)
	at sun.reflect.NativeMethodAccessorImpl.invoke0(Native Method)
	at sun.reflect.NativeMethodAccessorImpl.invoke(NativeMethodAccessorImpl.java:39)
	at sun.reflect.DelegatingMethodAccessorImpl.invoke(DelegatingMethodAccessorImpl.java:25)
	at java.lang.reflect.Method.invoke(Method.java:597)
	at org.openqa.selenium.support.events.EventFiringWebDriver$2.invoke(EventFiringWebDriver.java:101)
	at com.sun.proxy.$Proxy1.findElement(Unknown Source)
	at org.openqa.selenium.support.events.EventFiringWebDriver.findElement(EventFiringWebDriver.java:184)
	at org.openqa.selenium.remote.server.handler.FindElement.call(FindElement.java:47)
	at org.openqa.selenium.remote.server.handler.FindElement.call(FindElement.java:1)
	at java.util.concurrent.FutureTask$Sync.innerRun(FutureTask.java:303)
	at java.util.concurrent.FutureTask.run(FutureTask.java:138)
	at org.openqa.selenium.remote.server.DefaultSession$1.run(DefaultSession.java:168)
	at java.util.concurrent.ThreadPoolExecutor$Worker.runTask(ThreadPoolExecutor.java:895)
	at java.util.concurrent.ThreadPoolExecutor$Worker.run(ThreadPoolExecutor.java:918)
	at java.lang.Thread.run(Thread.java:695)
01:27:57.333 WARN - Exception: no such element
  (Session info: chrome=44.0.2403.107)
  (Driver info: chromedriver=2.15.322455 (ae8db840dac8d0c453355d3d922c91adfb61df8f),platform=Mac OS X 10.10.2 x86_64) (WARNING: The server did not provide any stacktrace information)
Command duration or timeout: 14 milliseconds
For documentation on this error, please visit: http://seleniumhq.org/exceptions/no_such_element.html
Build info: version: '2.45.0', revision: '5017cb8', time: '2015-02-26 23:59:50'
System info: host: 'Abigails-Mini', ip: '192.168.1.105', os.name: 'Mac OS X', os.arch: 'x86_64', os.version: '10.10.2', java.version: '1.6.0_65'
*** Element info: {Using=css selector, value=#usersUnorderedList li:nth-child(2)}
Session ID: f6e3646f9720a4188ffa417f53f1450d
Driver info: org.openqa.selenium.chrome.ChromeDriver
Capabilities [{platform=MAC, acceptSslCerts=true, javascriptEnabled=true, browserName=chrome, chrome={userDataDir=/var/folders/wy/x2wnhsd15rxbcnwr07g161b00000gn/T/.org.chromium.Chromium.uRPbMP}, rotatable=false, locationContextEnabled=true, mobileEmulationEnabled=false, version=44.0.2403.107, takesHeapSnapshot=true, cssSelectorsEnabled=true, databaseEnabled=false, handlesAlerts=true, browserConnectionEnabled=false, webStorageEnabled=true, nativeEvents=true, applicationCacheEnabled=false, takesScreenshot=true}]
01:27:57.641 INFO - Executing: [find element: By.cssSelector: #usersUnorderedList li:nth-child(2) article])
01:27:58.467 WARN - Exception thrown
org.openqa.selenium.NoSuchElementException: no such element
  (Session info: chrome=44.0.2403.107)
  (Driver info: chromedriver=2.15.322455 (ae8db840dac8d0c453355d3d922c91adfb61df8f),platform=Mac OS X 10.10.2 x86_64) (WARNING: The server did not provide any stacktrace information)
Command duration or timeout: 13 milliseconds
For documentation on this error, please visit: http://seleniumhq.org/exceptions/no_such_element.html
Build info: version: '2.45.0', revision: '5017cb8', time: '2015-02-26 23:59:50'
System info: host: 'Abigails-Mini', ip: '192.168.1.105', os.name: 'Mac OS X', os.arch: 'x86_64', os.version: '10.10.2', java.version: '1.6.0_65'
*** Element info: {Using=css selector, value=#usersUnorderedList li:nth-child(2) article}
Session ID: f6e3646f9720a4188ffa417f53f1450d
Driver info: org.openqa.selenium.chrome.ChromeDriver
Capabilities [{platform=MAC, acceptSslCerts=true, javascriptEnabled=true, browserName=chrome, chrome={userDataDir=/var/folders/wy/x2wnhsd15rxbcnwr07g161b00000gn/T/.org.chromium.Chromium.uRPbMP}, rotatable=false, locationContextEnabled=true, mobileEmulationEnabled=false, version=44.0.2403.107, takesHeapSnapshot=true, cssSelectorsEnabled=true, databaseEnabled=false, handlesAlerts=true, browserConnectionEnabled=false, webStorageEnabled=true, nativeEvents=true, applicationCacheEnabled=false, takesScreenshot=true}]
	at sun.reflect.NativeConstructorAccessorImpl.newInstance0(Native Method)
	at sun.reflect.NativeConstructorAccessorImpl.newInstance(NativeConstructorAccessorImpl.java:39)
	at sun.reflect.DelegatingConstructorAccessorImpl.newInstance(DelegatingConstructorAccessorImpl.java:27)
	at java.lang.reflect.Constructor.newInstance(Constructor.java:513)
	at org.openqa.selenium.remote.ErrorHandler.createThrowable(ErrorHandler.java:204)
	at org.openqa.selenium.remote.ErrorHandler.throwIfResponseFailed(ErrorHandler.java:156)
	at org.openqa.selenium.remote.RemoteWebDriver.execute(RemoteWebDriver.java:599)
	at org.openqa.selenium.remote.RemoteWebDriver.findElement(RemoteWebDriver.java:352)
	at org.openqa.selenium.remote.RemoteWebDriver.findElementByCssSelector(RemoteWebDriver.java:441)
	at org.openqa.selenium.By$ByCssSelector.findElement(By.java:426)
	at org.openqa.selenium.remote.RemoteWebDriver.findElement(RemoteWebDriver.java:344)
	at sun.reflect.NativeMethodAccessorImpl.invoke0(Native Method)
	at sun.reflect.NativeMethodAccessorImpl.invoke(NativeMethodAccessorImpl.java:39)
	at sun.reflect.DelegatingMethodAccessorImpl.invoke(DelegatingMethodAccessorImpl.java:25)
	at java.lang.reflect.Method.invoke(Method.java:597)
	at org.openqa.selenium.support.events.EventFiringWebDriver$2.invoke(EventFiringWebDriver.java:101)
	at com.sun.proxy.$Proxy1.findElement(Unknown Source)
	at org.openqa.selenium.support.events.EventFiringWebDriver.findElement(EventFiringWebDriver.java:184)
	at org.openqa.selenium.remote.server.handler.FindElement.call(FindElement.java:47)
	at org.openqa.selenium.remote.server.handler.FindElement.call(FindElement.java:1)
	at java.util.concurrent.FutureTask$Sync.innerRun(FutureTask.java:303)
	at java.util.concurrent.FutureTask.run(FutureTask.java:138)
	at org.openqa.selenium.remote.server.DefaultSession$1.run(DefaultSession.java:168)
	at java.util.concurrent.ThreadPoolExecutor$Worker.runTask(ThreadPoolExecutor.java:895)
	at java.util.concurrent.ThreadPoolExecutor$Worker.run(ThreadPoolExecutor.java:918)
	at java.lang.Thread.run(Thread.java:695)
01:27:58.468 WARN - Exception: no such element
  (Session info: chrome=44.0.2403.107)
  (Driver info: chromedriver=2.15.322455 (ae8db840dac8d0c453355d3d922c91adfb61df8f),platform=Mac OS X 10.10.2 x86_64) (WARNING: The server did not provide any stacktrace information)
Command duration or timeout: 13 milliseconds
For documentation on this error, please visit: http://seleniumhq.org/exceptions/no_such_element.html
Build info: version: '2.45.0', revision: '5017cb8', time: '2015-02-26 23:59:50'
System info: host: 'Abigails-Mini', ip: '192.168.1.105', os.name: 'Mac OS X', os.arch: 'x86_64', os.version: '10.10.2', java.version: '1.6.0_65'
*** Element info: {Using=css selector, value=#usersUnorderedList li:nth-child(2) article}
Session ID: f6e3646f9720a4188ffa417f53f1450d
Driver info: org.openqa.selenium.chrome.ChromeDriver
Capabilities [{platform=MAC, acceptSslCerts=true, javascriptEnabled=true, browserName=chrome, chrome={userDataDir=/var/folders/wy/x2wnhsd15rxbcnwr07g161b00000gn/T/.org.chromium.Chromium.uRPbMP}, rotatable=false, locationContextEnabled=true, mobileEmulationEnabled=false, version=44.0.2403.107, takesHeapSnapshot=true, cssSelectorsEnabled=true, databaseEnabled=false, handlesAlerts=true, browserConnectionEnabled=false, webStorageEnabled=true, nativeEvents=true, applicationCacheEnabled=false, takesScreenshot=true}]
01:27:58.718 INFO - Executing: [find element: By.cssSelector: #userNavFooter])
01:27:58.732 INFO - Done: [find element: By.cssSelector: #userNavFooter]
01:27:58.738 INFO - Executing: [mousemove: 8 true])
01:27:58.754 INFO - Done: [mousemove: 8 true]
01:27:58.758 INFO - Executing: [find element: By.cssSelector: .addUserIcon])
01:27:58.772 INFO - Done: [find element: By.cssSelector: .addUserIcon]
01:27:58.775 INFO - Executing: [click: 9 [[ChromeDriver: chrome on MAC (f6e3646f9720a4188ffa417f53f1450d)] -> css selector: .addUserIcon]])
01:27:58.805 INFO - Done: [click: 9 [[ChromeDriver: chrome on MAC (f6e3646f9720a4188ffa417f53f1450d)] -> css selector: .addUserIcon]]
01:27:59.114 INFO - Executing: [find elements: By.cssSelector: #userUpsertPage])
01:27:59.132 INFO - Done: [find elements: By.cssSelector: #userUpsertPage]
01:27:59.637 INFO - Executing: [find elements: By.cssSelector: #userUpsertPage])
01:27:59.651 INFO - Done: [find elements: By.cssSelector: #userUpsertPage]
01:28:00.155 INFO - Executing: [find elements: By.cssSelector: #userUpsertPage])
01:28:00.163 INFO - Done: [find elements: By.cssSelector: #userUpsertPage]
01:28:00.669 INFO - Executing: [find elements: By.cssSelector: #userUpsertPage])
01:28:00.675 INFO - Done: [find elements: By.cssSelector: #userUpsertPage]
01:28:01.182 INFO - Executing: [find elements: By.cssSelector: #userUpsertPage])
01:28:01.189 INFO - Done: [find elements: By.cssSelector: #userUpsertPage]
01:28:01.693 INFO - Executing: [find elements: By.cssSelector: #userUpsertPage])
01:28:01.700 INFO - Done: [find elements: By.cssSelector: #userUpsertPage]
01:28:02.207 INFO - Executing: [find elements: By.cssSelector: #userUpsertPage])
01:28:02.213 INFO - Done: [find elements: By.cssSelector: #userUpsertPage]
01:28:02.218 INFO - Executing: [delete session: 6475b7b9-43b1-4608-a189-55ad4ae8c443])
01:28:02.783 INFO - Done: [delete session: 6475b7b9-43b1-4608-a189-55ad4ae8c443]
01:28:03.026 INFO - Executing: [new session: Capabilities [{loggingPrefs=org.openqa.selenium.logging.LoggingPreferences@16881cb3, platform=ANY, acceptSslCerts=true, javascriptEnabled=true, browserName=chrome, name=Client Execute Async}]])
01:28:03.027 INFO - Creating a new session for Capabilities [{loggingPrefs=org.openqa.selenium.logging.LoggingPreferences@16881cb3, platform=ANY, acceptSslCerts=true, javascriptEnabled=true, browserName=chrome, name=Client Execute Async}]
Starting ChromeDriver 2.15.322455 (ae8db840dac8d0c453355d3d922c91adfb61df8f) on port 37824
Only local connections are allowed.
01:28:04.357 INFO - Done: [new session: Capabilities [{loggingPrefs=org.openqa.selenium.logging.LoggingPreferences@16881cb3, platform=ANY, acceptSslCerts=true, javascriptEnabled=true, browserName=chrome, name=Client Execute Async}]]
01:28:04.363 INFO - Executing: [get: http://localhost:3000/list/users])
01:28:05.339 INFO - Done: [get: http://localhost:3000/list/users]
01:28:05.344 INFO - Executing: [execute script: var passedArgs = Array.prototype.slice.call(arguments,0); return function (data){
      return Session.get(data);
    }.apply(window, passedArgs);, [glassOpacity]])
01:28:05.351 INFO - Done: [execute script: var passedArgs = Array.prototype.slice.call(arguments,0); return function (data){
      return Session.get(data);
    }.apply(window, passedArgs);, [glassOpacity]]
01:28:06.356 INFO - Executing: [delete session: c23cd2af-9798-40d1-b355-06743b5a3865])
01:28:06.920 INFO - Done: [delete session: c23cd2af-9798-40d1-b355-06743b5a3865]
01:28:06.925 INFO - Executing: [new session: Capabilities [{loggingPrefs=org.openqa.selenium.logging.LoggingPreferences@50c7833c, platform=ANY, acceptSslCerts=true, javascriptEnabled=true, browserName=chrome, name=Client Execute Async}]])
01:28:06.926 INFO - Creating a new session for Capabilities [{loggingPrefs=org.openqa.selenium.logging.LoggingPreferences@50c7833c, platform=ANY, acceptSslCerts=true, javascriptEnabled=true, browserName=chrome, name=Client Execute Async}]
Starting ChromeDriver 2.15.322455 (ae8db840dac8d0c453355d3d922c91adfb61df8f) on port 6040
Only local connections are allowed.
01:28:08.225 INFO - Done: [new session: Capabilities [{loggingPrefs=org.openqa.selenium.logging.LoggingPreferences@50c7833c, platform=ANY, acceptSslCerts=true, javascriptEnabled=true, browserName=chrome, name=Client Execute Async}]]
01:28:08.230 INFO - Executing: [get: http://localhost:3000/list/users])
01:28:09.262 INFO - Done: [get: http://localhost:3000/list/users]
01:28:09.266 INFO - Executing: [set script timeoutt: 5000])
01:28:09.270 INFO - Done: [set script timeoutt: 5000]
01:28:09.274 INFO - Executing: [execute async script: var passedArgs = Array.prototype.slice.call(arguments,0); return function (meteorMethodNameAndArguments, meteorCallback) {
          var meteorMethodName = meteorMethodNameAndArguments[0];
          var meteorArguments = meteorMethodNameAndArguments[1];
          Meteor.call(meteorMethodName, meteorArguments, function (meteorError, meteorResult) {
              var response = (meteorError ? { error: meteorError } : { result: meteorResult });
              meteorCallback(response);
          });
      }.apply(window, passedArgs);, [[testMethod, false]]])
01:28:09.328 INFO - Done: [execute async script: var passedArgs = Array.prototype.slice.call(arguments,0); return function (meteorMethodNameAndArguments, meteorCallback) {
          var meteorMethodName = meteorMethodNameAndArguments[0];
          var meteorArguments = meteorMethodNameAndArguments[1];
          Meteor.call(meteorMethodName, meteorArguments, function (meteorError, meteorResult) {
              var response = (meteorError ? { error: meteorError } : { result: meteorResult });
              meteorCallback(response);
          });
      }.apply(window, passedArgs);, [[testMethod, false]]]
01:28:09.333 INFO - Executing: [set script timeoutt: 5000])
01:28:09.338 INFO - Done: [set script timeoutt: 5000]
01:28:09.342 INFO - Executing: [execute async script: var passedArgs = Array.prototype.slice.call(arguments,0); return function (meteorMethodNameAndArguments, meteorCallback) {
          var meteorMethodName = meteorMethodNameAndArguments[0];
          var meteorArguments = meteorMethodNameAndArguments[1];
          Meteor.call(meteorMethodName, meteorArguments, function (meteorError, meteorResult) {
              var response = (meteorError ? { error: meteorError } : { result: meteorResult });
              meteorCallback(response);
          });
      }.apply(window, passedArgs);, [[testMethodWithInput, 3]]])
01:28:09.490 INFO - Done: [execute async script: var passedArgs = Array.prototype.slice.call(arguments,0); return function (meteorMethodNameAndArguments, meteorCallback) {
          var meteorMethodName = meteorMethodNameAndArguments[0];
          var meteorArguments = meteorMethodNameAndArguments[1];
          Meteor.call(meteorMethodName, meteorArguments, function (meteorError, meteorResult) {
              var response = (meteorError ? { error: meteorError } : { result: meteorResult });
              meteorCallback(response);
          });
      }.apply(window, passedArgs);, [[testMethodWithInput, 3]]]
01:28:09.493 INFO - Executing: [delete session: 6b4c5a19-22b0-4423-905c-a94ea52266f8])
01:28:10.056 INFO - Done: [delete session: 6b4c5a19-22b0-4423-905c-a94ea52266f8]
